nohup: ignoring input
INFO:     Will watch for changes in these directories: ['/home/barberb/RSMT-Realtime-Stylized-Motion-Transition/output/web_viewer']
INFO:     Uvicorn running on http://0.0.0.0:8001 (Press CTRL+C to quit)
INFO:     Started reloader process [705034] using WatchFiles
Process SpawnProcess-1:
Traceback (most recent call last):
  File "/usr/lib/python3.12/multiprocessing/process.py", line 314, in _bootstrap
    self.run()
  File "/usr/lib/python3.12/multiprocessing/process.py", line 108, in run
    self._target(*self._args, **self._kwargs)
  File "/home/barberb/.local/lib/python3.12/site-packages/uvicorn/_subprocess.py", line 80, in subprocess_started
    target(sockets=sockets)
  File "/home/barberb/.local/lib/python3.12/site-packages/uvicorn/server.py", line 66, in run
    return asyncio.run(self.serve(sockets=sockets))
           ^^^^^^^^^^^^^^^^^^^^^^^^^^^^^^^^^^^^^^^^
  File "/usr/lib/python3.12/asyncio/runners.py", line 194, in run
    return runner.run(main)
           ^^^^^^^^^^^^^^^^
  File "/usr/lib/python3.12/asyncio/runners.py", line 118, in run
    return self._loop.run_until_complete(task)
           ^^^^^^^^^^^^^^^^^^^^^^^^^^^^^^^^^^^
  File "uvloop/loop.pyx", line 1518, in uvloop.loop.Loop.run_until_complete
  File "/home/barberb/.local/lib/python3.12/site-packages/uvicorn/server.py", line 70, in serve
    await self._serve(sockets)
  File "/home/barberb/.local/lib/python3.12/site-packages/uvicorn/server.py", line 77, in _serve
    config.load()
  File "/home/barberb/.local/lib/python3.12/site-packages/uvicorn/config.py", line 435, in load
    self.loaded_app = import_from_string(self.app)
                      ^^^^^^^^^^^^^^^^^^^^^^^^^^^^
  File "/home/barberb/.local/lib/python3.12/site-packages/uvicorn/importer.py", line 19, in import_from_string
    module = importlib.import_module(module_str)
             ^^^^^^^^^^^^^^^^^^^^^^^^^^^^^^^^^^^
  File "/usr/lib/python3.12/importlib/__init__.py", line 90, in import_module
    return _bootstrap._gcd_import(name[level:], package, level)
           ^^^^^^^^^^^^^^^^^^^^^^^^^^^^^^^^^^^^^^^^^^^^^^^^^^^^
  File "<frozen importlib._bootstrap>", line 1387, in _gcd_import
  File "<frozen importlib._bootstrap>", line 1360, in _find_and_load
  File "<frozen importlib._bootstrap>", line 1331, in _find_and_load_unlocked
  File "<frozen importlib._bootstrap>", line 935, in _load_unlocked
  File "<frozen importlib._bootstrap_external>", line 995, in exec_module
  File "<frozen importlib._bootstrap>", line 488, in _call_with_frames_removed
  File "/home/barberb/RSMT-Realtime-Stylized-Motion-Transition/output/web_viewer/rsmt_server.py", line 61, in <module>
    class TransitionResponse(BaseModel):
  File "/home/barberb/.local/lib/python3.12/site-packages/pydantic/_internal/_model_construction.py", line 237, in __new__
    complete_model_class(
  File "/home/barberb/.local/lib/python3.12/site-packages/pydantic/_internal/_model_construction.py", line 597, in complete_model_class
    schema = gen_schema.generate_schema(cls)
             ^^^^^^^^^^^^^^^^^^^^^^^^^^^^^^^
  File "/home/barberb/.local/lib/python3.12/site-packages/pydantic/_internal/_generate_schema.py", line 706, in generate_schema
    schema = self._generate_schema_inner(obj)
             ^^^^^^^^^^^^^^^^^^^^^^^^^^^^^^^^
  File "/home/barberb/.local/lib/python3.12/site-packages/pydantic/_internal/_generate_schema.py", line 999, in _generate_schema_inner
    return self._model_schema(obj)
           ^^^^^^^^^^^^^^^^^^^^^^^
  File "/home/barberb/.local/lib/python3.12/site-packages/pydantic/_internal/_generate_schema.py", line 832, in _model_schema
    {k: self._generate_md_field_schema(k, v, decorators) for k, v in fields.items()},
        ^^^^^^^^^^^^^^^^^^^^^^^^^^^^^^^^^^^^^^^^^^^^^^^^
  File "/home/barberb/.local/lib/python3.12/site-packages/pydantic/_internal/_generate_schema.py", line 1201, in _generate_md_field_schema
    common_field = self._common_field_schema(name, field_info, decorators)
                   ^^^^^^^^^^^^^^^^^^^^^^^^^^^^^^^^^^^^^^^^^^^^^^^^^^^^^^^
  File "/home/barberb/.local/lib/python3.12/site-packages/pydantic/_internal/_generate_schema.py", line 1367, in _common_field_schema
    schema = self._apply_annotations(
             ^^^^^^^^^^^^^^^^^^^^^^^^
  File "/home/barberb/.local/lib/python3.12/site-packages/pydantic/_internal/_generate_schema.py", line 2279, in _apply_annotations
    schema = get_inner_schema(source_type)
             ^^^^^^^^^^^^^^^^^^^^^^^^^^^^^
  File "/home/barberb/.local/lib/python3.12/site-packages/pydantic/_internal/_schema_generation_shared.py", line 83, in __call__
    schema = self._handler(source_type)
             ^^^^^^^^^^^^^^^^^^^^^^^^^^
  File "/home/barberb/.local/lib/python3.12/site-packages/pydantic/_internal/_generate_schema.py", line 2261, in inner_handler
    schema = self._generate_schema_inner(obj)
             ^^^^^^^^^^^^^^^^^^^^^^^^^^^^^^^^
  File "/home/barberb/.local/lib/python3.12/site-packages/pydantic/_internal/_generate_schema.py", line 1004, in _generate_schema_inner
    return self.match_type(obj)
           ^^^^^^^^^^^^^^^^^^^^
  File "/home/barberb/.local/lib/python3.12/site-packages/pydantic/_internal/_generate_schema.py", line 1118, in match_type
    return self._match_generic_type(obj, origin)
           ^^^^^^^^^^^^^^^^^^^^^^^^^^^^^^^^^^^^^
  File "/home/barberb/.local/lib/python3.12/site-packages/pydantic/_internal/_generate_schema.py", line 1141, in _match_generic_type
    return self._union_schema(obj)
           ^^^^^^^^^^^^^^^^^^^^^^^
  File "/home/barberb/.local/lib/python3.12/site-packages/pydantic/_internal/_generate_schema.py", line 1429, in _union_schema
    choices.append(self.generate_schema(arg))
                   ^^^^^^^^^^^^^^^^^^^^^^^^^
  File "/home/barberb/.local/lib/python3.12/site-packages/pydantic/_internal/_generate_schema.py", line 706, in generate_schema
    schema = self._generate_schema_inner(obj)
             ^^^^^^^^^^^^^^^^^^^^^^^^^^^^^^^^
  File "/home/barberb/.local/lib/python3.12/site-packages/pydantic/_internal/_generate_schema.py", line 1004, in _generate_schema_inner
    return self.match_type(obj)
           ^^^^^^^^^^^^^^^^^^^^
  File "/home/barberb/.local/lib/python3.12/site-packages/pydantic/_internal/_generate_schema.py", line 1118, in match_type
    return self._match_generic_type(obj, origin)
           ^^^^^^^^^^^^^^^^^^^^^^^^^^^^^^^^^^^^^
  File "/home/barberb/.local/lib/python3.12/site-packages/pydantic/_internal/_generate_schema.py", line 1151, in _match_generic_type
    return self._dict_schema(*self._get_first_two_args_or_any(obj))
           ^^^^^^^^^^^^^^^^^^^^^^^^^^^^^^^^^^^^^^^^^^^^^^^^^^^^^^^^
  File "/home/barberb/.local/lib/python3.12/site-packages/pydantic/_internal/_generate_schema.py", line 370, in _dict_schema
    return core_schema.dict_schema(self.generate_schema(keys_type), self.generate_schema(values_type))
                                                                    ^^^^^^^^^^^^^^^^^^^^^^^^^^^^^^^^^
  File "/home/barberb/.local/lib/python3.12/site-packages/pydantic/_internal/_generate_schema.py", line 706, in generate_schema
    schema = self._generate_schema_inner(obj)
             ^^^^^^^^^^^^^^^^^^^^^^^^^^^^^^^^
  File "/home/barberb/.local/lib/python3.12/site-packages/pydantic/_internal/_generate_schema.py", line 1004, in _generate_schema_inner
    return self.match_type(obj)
           ^^^^^^^^^^^^^^^^^^^^
  File "/home/barberb/.local/lib/python3.12/site-packages/pydantic/_internal/_generate_schema.py", line 1122, in match_type
    return self._unknown_type_schema(obj)
           ^^^^^^^^^^^^^^^^^^^^^^^^^^^^^^
  File "/home/barberb/.local/lib/python3.12/site-packages/pydantic/_internal/_generate_schema.py", line 634, in _unknown_type_schema
    raise PydanticSchemaGenerationError(
pydantic.errors.PydanticSchemaGenerationError: Unable to generate pydantic-core schema for <built-in function any>. Set `arbitrary_types_allowed=True` in the model_config to ignore this error or implement `__get_pydantic_core_schema__` on your type to fully support it.

If you got this error by calling handler(<some type>) within `__get_pydantic_core_schema__` then you likely need to call `handler.generate_schema(<some type>)` since we do not call `__get_pydantic_core_schema__` on `<some type>` otherwise to avoid infinite recursion.

For further information visit https://errors.pydantic.dev/2.11/u/schema-for-unknown-type
WARNING:  WatchFiles detected changes in 'rsmt_server.py'. Reloading...
Process SpawnProcess-2:
Traceback (most recent call last):
  File "/usr/lib/python3.12/multiprocessing/process.py", line 314, in _bootstrap
    self.run()
  File "/usr/lib/python3.12/multiprocessing/process.py", line 108, in run
    self._target(*self._args, **self._kwargs)
  File "/home/barberb/.local/lib/python3.12/site-packages/uvicorn/_subprocess.py", line 80, in subprocess_started
    target(sockets=sockets)
  File "/home/barberb/.local/lib/python3.12/site-packages/uvicorn/server.py", line 66, in run
    return asyncio.run(self.serve(sockets=sockets))
           ^^^^^^^^^^^^^^^^^^^^^^^^^^^^^^^^^^^^^^^^
  File "/usr/lib/python3.12/asyncio/runners.py", line 194, in run
    return runner.run(main)
           ^^^^^^^^^^^^^^^^
  File "/usr/lib/python3.12/asyncio/runners.py", line 118, in run
    return self._loop.run_until_complete(task)
           ^^^^^^^^^^^^^^^^^^^^^^^^^^^^^^^^^^^
  File "uvloop/loop.pyx", line 1518, in uvloop.loop.Loop.run_until_complete
  File "/home/barberb/.local/lib/python3.12/site-packages/uvicorn/server.py", line 70, in serve
    await self._serve(sockets)
  File "/home/barberb/.local/lib/python3.12/site-packages/uvicorn/server.py", line 77, in _serve
    config.load()
  File "/home/barberb/.local/lib/python3.12/site-packages/uvicorn/config.py", line 435, in load
    self.loaded_app = import_from_string(self.app)
                      ^^^^^^^^^^^^^^^^^^^^^^^^^^^^
  File "/home/barberb/.local/lib/python3.12/site-packages/uvicorn/importer.py", line 19, in import_from_string
    module = importlib.import_module(module_str)
             ^^^^^^^^^^^^^^^^^^^^^^^^^^^^^^^^^^^
  File "/usr/lib/python3.12/importlib/__init__.py", line 90, in import_module
    return _bootstrap._gcd_import(name[level:], package, level)
           ^^^^^^^^^^^^^^^^^^^^^^^^^^^^^^^^^^^^^^^^^^^^^^^^^^^^
  File "<frozen importlib._bootstrap>", line 1387, in _gcd_import
  File "<frozen importlib._bootstrap>", line 1360, in _find_and_load
  File "<frozen importlib._bootstrap>", line 1331, in _find_and_load_unlocked
  File "<frozen importlib._bootstrap>", line 935, in _load_unlocked
  File "<frozen importlib._bootstrap_external>", line 995, in exec_module
  File "<frozen importlib._bootstrap>", line 488, in _call_with_frames_removed
  File "/home/barberb/RSMT-Realtime-Stylized-Motion-Transition/output/web_viewer/rsmt_server.py", line 61, in <module>
    class TransitionResponse(BaseModel):
  File "/home/barberb/.local/lib/python3.12/site-packages/pydantic/_internal/_model_construction.py", line 237, in __new__
    complete_model_class(
  File "/home/barberb/.local/lib/python3.12/site-packages/pydantic/_internal/_model_construction.py", line 597, in complete_model_class
    schema = gen_schema.generate_schema(cls)
             ^^^^^^^^^^^^^^^^^^^^^^^^^^^^^^^
  File "/home/barberb/.local/lib/python3.12/site-packages/pydantic/_internal/_generate_schema.py", line 706, in generate_schema
    schema = self._generate_schema_inner(obj)
             ^^^^^^^^^^^^^^^^^^^^^^^^^^^^^^^^
  File "/home/barberb/.local/lib/python3.12/site-packages/pydantic/_internal/_generate_schema.py", line 999, in _generate_schema_inner
    return self._model_schema(obj)
           ^^^^^^^^^^^^^^^^^^^^^^^
  File "/home/barberb/.local/lib/python3.12/site-packages/pydantic/_internal/_generate_schema.py", line 832, in _model_schema
    {k: self._generate_md_field_schema(k, v, decorators) for k, v in fields.items()},
        ^^^^^^^^^^^^^^^^^^^^^^^^^^^^^^^^^^^^^^^^^^^^^^^^
  File "/home/barberb/.local/lib/python3.12/site-packages/pydantic/_internal/_generate_schema.py", line 1201, in _generate_md_field_schema
    common_field = self._common_field_schema(name, field_info, decorators)
                   ^^^^^^^^^^^^^^^^^^^^^^^^^^^^^^^^^^^^^^^^^^^^^^^^^^^^^^^
  File "/home/barberb/.local/lib/python3.12/site-packages/pydantic/_internal/_generate_schema.py", line 1367, in _common_field_schema
    schema = self._apply_annotations(
             ^^^^^^^^^^^^^^^^^^^^^^^^
  File "/home/barberb/.local/lib/python3.12/site-packages/pydantic/_internal/_generate_schema.py", line 2279, in _apply_annotations
    schema = get_inner_schema(source_type)
             ^^^^^^^^^^^^^^^^^^^^^^^^^^^^^
  File "/home/barberb/.local/lib/python3.12/site-packages/pydantic/_internal/_schema_generation_shared.py", line 83, in __call__
    schema = self._handler(source_type)
             ^^^^^^^^^^^^^^^^^^^^^^^^^^
  File "/home/barberb/.local/lib/python3.12/site-packages/pydantic/_internal/_generate_schema.py", line 2261, in inner_handler
    schema = self._generate_schema_inner(obj)
             ^^^^^^^^^^^^^^^^^^^^^^^^^^^^^^^^
  File "/home/barberb/.local/lib/python3.12/site-packages/pydantic/_internal/_generate_schema.py", line 1004, in _generate_schema_inner
    return self.match_type(obj)
           ^^^^^^^^^^^^^^^^^^^^
  File "/home/barberb/.local/lib/python3.12/site-packages/pydantic/_internal/_generate_schema.py", line 1118, in match_type
    return self._match_generic_type(obj, origin)
           ^^^^^^^^^^^^^^^^^^^^^^^^^^^^^^^^^^^^^
  File "/home/barberb/.local/lib/python3.12/site-packages/pydantic/_internal/_generate_schema.py", line 1141, in _match_generic_type
    return self._union_schema(obj)
           ^^^^^^^^^^^^^^^^^^^^^^^
  File "/home/barberb/.local/lib/python3.12/site-packages/pydantic/_internal/_generate_schema.py", line 1429, in _union_schema
    choices.append(self.generate_schema(arg))
                   ^^^^^^^^^^^^^^^^^^^^^^^^^
  File "/home/barberb/.local/lib/python3.12/site-packages/pydantic/_internal/_generate_schema.py", line 706, in generate_schema
    schema = self._generate_schema_inner(obj)
             ^^^^^^^^^^^^^^^^^^^^^^^^^^^^^^^^
  File "/home/barberb/.local/lib/python3.12/site-packages/pydantic/_internal/_generate_schema.py", line 1004, in _generate_schema_inner
    return self.match_type(obj)
           ^^^^^^^^^^^^^^^^^^^^
  File "/home/barberb/.local/lib/python3.12/site-packages/pydantic/_internal/_generate_schema.py", line 1118, in match_type
    return self._match_generic_type(obj, origin)
           ^^^^^^^^^^^^^^^^^^^^^^^^^^^^^^^^^^^^^
  File "/home/barberb/.local/lib/python3.12/site-packages/pydantic/_internal/_generate_schema.py", line 1151, in _match_generic_type
    return self._dict_schema(*self._get_first_two_args_or_any(obj))
           ^^^^^^^^^^^^^^^^^^^^^^^^^^^^^^^^^^^^^^^^^^^^^^^^^^^^^^^^
  File "/home/barberb/.local/lib/python3.12/site-packages/pydantic/_internal/_generate_schema.py", line 370, in _dict_schema
    return core_schema.dict_schema(self.generate_schema(keys_type), self.generate_schema(values_type))
                                                                    ^^^^^^^^^^^^^^^^^^^^^^^^^^^^^^^^^
  File "/home/barberb/.local/lib/python3.12/site-packages/pydantic/_internal/_generate_schema.py", line 706, in generate_schema
    schema = self._generate_schema_inner(obj)
             ^^^^^^^^^^^^^^^^^^^^^^^^^^^^^^^^
  File "/home/barberb/.local/lib/python3.12/site-packages/pydantic/_internal/_generate_schema.py", line 1004, in _generate_schema_inner
    return self.match_type(obj)
           ^^^^^^^^^^^^^^^^^^^^
  File "/home/barberb/.local/lib/python3.12/site-packages/pydantic/_internal/_generate_schema.py", line 1122, in match_type
    return self._unknown_type_schema(obj)
           ^^^^^^^^^^^^^^^^^^^^^^^^^^^^^^
  File "/home/barberb/.local/lib/python3.12/site-packages/pydantic/_internal/_generate_schema.py", line 634, in _unknown_type_schema
    raise PydanticSchemaGenerationError(
pydantic.errors.PydanticSchemaGenerationError: Unable to generate pydantic-core schema for <built-in function any>. Set `arbitrary_types_allowed=True` in the model_config to ignore this error or implement `__get_pydantic_core_schema__` on your type to fully support it.

If you got this error by calling handler(<some type>) within `__get_pydantic_core_schema__` then you likely need to call `handler.generate_schema(<some type>)` since we do not call `__get_pydantic_core_schema__` on `<some type>` otherwise to avoid infinite recursion.

For further information visit https://errors.pydantic.dev/2.11/u/schema-for-unknown-type
WARNING:  WatchFiles detected changes in 'rsmt_server.py'. Reloading...
Process SpawnProcess-3:
Traceback (most recent call last):
  File "/usr/lib/python3.12/multiprocessing/process.py", line 314, in _bootstrap
    self.run()
  File "/usr/lib/python3.12/multiprocessing/process.py", line 108, in run
    self._target(*self._args, **self._kwargs)
  File "/home/barberb/.local/lib/python3.12/site-packages/uvicorn/_subprocess.py", line 80, in subprocess_started
    target(sockets=sockets)
  File "/home/barberb/.local/lib/python3.12/site-packages/uvicorn/server.py", line 66, in run
    return asyncio.run(self.serve(sockets=sockets))
           ^^^^^^^^^^^^^^^^^^^^^^^^^^^^^^^^^^^^^^^^
  File "/usr/lib/python3.12/asyncio/runners.py", line 194, in run
    return runner.run(main)
           ^^^^^^^^^^^^^^^^
  File "/usr/lib/python3.12/asyncio/runners.py", line 118, in run
    return self._loop.run_until_complete(task)
           ^^^^^^^^^^^^^^^^^^^^^^^^^^^^^^^^^^^
  File "uvloop/loop.pyx", line 1518, in uvloop.loop.Loop.run_until_complete
  File "/home/barberb/.local/lib/python3.12/site-packages/uvicorn/server.py", line 70, in serve
    await self._serve(sockets)
  File "/home/barberb/.local/lib/python3.12/site-packages/uvicorn/server.py", line 77, in _serve
    config.load()
  File "/home/barberb/.local/lib/python3.12/site-packages/uvicorn/config.py", line 435, in load
    self.loaded_app = import_from_string(self.app)
                      ^^^^^^^^^^^^^^^^^^^^^^^^^^^^
  File "/home/barberb/.local/lib/python3.12/site-packages/uvicorn/importer.py", line 19, in import_from_string
    module = importlib.import_module(module_str)
             ^^^^^^^^^^^^^^^^^^^^^^^^^^^^^^^^^^^
  File "/usr/lib/python3.12/importlib/__init__.py", line 90, in import_module
    return _bootstrap._gcd_import(name[level:], package, level)
           ^^^^^^^^^^^^^^^^^^^^^^^^^^^^^^^^^^^^^^^^^^^^^^^^^^^^
  File "<frozen importlib._bootstrap>", line 1387, in _gcd_import
  File "<frozen importlib._bootstrap>", line 1360, in _find_and_load
  File "<frozen importlib._bootstrap>", line 1331, in _find_and_load_unlocked
  File "<frozen importlib._bootstrap>", line 935, in _load_unlocked
  File "<frozen importlib._bootstrap_external>", line 995, in exec_module
  File "<frozen importlib._bootstrap>", line 488, in _call_with_frames_removed
  File "/home/barberb/RSMT-Realtime-Stylized-Motion-Transition/output/web_viewer/rsmt_server.py", line 61, in <module>
    class TransitionResponse(BaseModel):
  File "/home/barberb/.local/lib/python3.12/site-packages/pydantic/_internal/_model_construction.py", line 237, in __new__
    complete_model_class(
  File "/home/barberb/.local/lib/python3.12/site-packages/pydantic/_internal/_model_construction.py", line 597, in complete_model_class
    schema = gen_schema.generate_schema(cls)
             ^^^^^^^^^^^^^^^^^^^^^^^^^^^^^^^
  File "/home/barberb/.local/lib/python3.12/site-packages/pydantic/_internal/_generate_schema.py", line 706, in generate_schema
    schema = self._generate_schema_inner(obj)
             ^^^^^^^^^^^^^^^^^^^^^^^^^^^^^^^^
  File "/home/barberb/.local/lib/python3.12/site-packages/pydantic/_internal/_generate_schema.py", line 999, in _generate_schema_inner
    return self._model_schema(obj)
           ^^^^^^^^^^^^^^^^^^^^^^^
  File "/home/barberb/.local/lib/python3.12/site-packages/pydantic/_internal/_generate_schema.py", line 832, in _model_schema
    {k: self._generate_md_field_schema(k, v, decorators) for k, v in fields.items()},
        ^^^^^^^^^^^^^^^^^^^^^^^^^^^^^^^^^^^^^^^^^^^^^^^^
  File "/home/barberb/.local/lib/python3.12/site-packages/pydantic/_internal/_generate_schema.py", line 1201, in _generate_md_field_schema
    common_field = self._common_field_schema(name, field_info, decorators)
                   ^^^^^^^^^^^^^^^^^^^^^^^^^^^^^^^^^^^^^^^^^^^^^^^^^^^^^^^
  File "/home/barberb/.local/lib/python3.12/site-packages/pydantic/_internal/_generate_schema.py", line 1367, in _common_field_schema
    schema = self._apply_annotations(
             ^^^^^^^^^^^^^^^^^^^^^^^^
  File "/home/barberb/.local/lib/python3.12/site-packages/pydantic/_internal/_generate_schema.py", line 2279, in _apply_annotations
    schema = get_inner_schema(source_type)
             ^^^^^^^^^^^^^^^^^^^^^^^^^^^^^
  File "/home/barberb/.local/lib/python3.12/site-packages/pydantic/_internal/_schema_generation_shared.py", line 83, in __call__
    schema = self._handler(source_type)
             ^^^^^^^^^^^^^^^^^^^^^^^^^^
  File "/home/barberb/.local/lib/python3.12/site-packages/pydantic/_internal/_generate_schema.py", line 2261, in inner_handler
    schema = self._generate_schema_inner(obj)
             ^^^^^^^^^^^^^^^^^^^^^^^^^^^^^^^^
  File "/home/barberb/.local/lib/python3.12/site-packages/pydantic/_internal/_generate_schema.py", line 1004, in _generate_schema_inner
    return self.match_type(obj)
           ^^^^^^^^^^^^^^^^^^^^
  File "/home/barberb/.local/lib/python3.12/site-packages/pydantic/_internal/_generate_schema.py", line 1118, in match_type
    return self._match_generic_type(obj, origin)
           ^^^^^^^^^^^^^^^^^^^^^^^^^^^^^^^^^^^^^
  File "/home/barberb/.local/lib/python3.12/site-packages/pydantic/_internal/_generate_schema.py", line 1141, in _match_generic_type
    return self._union_schema(obj)
           ^^^^^^^^^^^^^^^^^^^^^^^
  File "/home/barberb/.local/lib/python3.12/site-packages/pydantic/_internal/_generate_schema.py", line 1429, in _union_schema
    choices.append(self.generate_schema(arg))
                   ^^^^^^^^^^^^^^^^^^^^^^^^^
  File "/home/barberb/.local/lib/python3.12/site-packages/pydantic/_internal/_generate_schema.py", line 706, in generate_schema
    schema = self._generate_schema_inner(obj)
             ^^^^^^^^^^^^^^^^^^^^^^^^^^^^^^^^
  File "/home/barberb/.local/lib/python3.12/site-packages/pydantic/_internal/_generate_schema.py", line 1004, in _generate_schema_inner
    return self.match_type(obj)
           ^^^^^^^^^^^^^^^^^^^^
  File "/home/barberb/.local/lib/python3.12/site-packages/pydantic/_internal/_generate_schema.py", line 1118, in match_type
    return self._match_generic_type(obj, origin)
           ^^^^^^^^^^^^^^^^^^^^^^^^^^^^^^^^^^^^^
  File "/home/barberb/.local/lib/python3.12/site-packages/pydantic/_internal/_generate_schema.py", line 1151, in _match_generic_type
    return self._dict_schema(*self._get_first_two_args_or_any(obj))
           ^^^^^^^^^^^^^^^^^^^^^^^^^^^^^^^^^^^^^^^^^^^^^^^^^^^^^^^^
  File "/home/barberb/.local/lib/python3.12/site-packages/pydantic/_internal/_generate_schema.py", line 370, in _dict_schema
    return core_schema.dict_schema(self.generate_schema(keys_type), self.generate_schema(values_type))
                                                                    ^^^^^^^^^^^^^^^^^^^^^^^^^^^^^^^^^
  File "/home/barberb/.local/lib/python3.12/site-packages/pydantic/_internal/_generate_schema.py", line 706, in generate_schema
    schema = self._generate_schema_inner(obj)
             ^^^^^^^^^^^^^^^^^^^^^^^^^^^^^^^^
  File "/home/barberb/.local/lib/python3.12/site-packages/pydantic/_internal/_generate_schema.py", line 1004, in _generate_schema_inner
    return self.match_type(obj)
           ^^^^^^^^^^^^^^^^^^^^
  File "/home/barberb/.local/lib/python3.12/site-packages/pydantic/_internal/_generate_schema.py", line 1122, in match_type
    return self._unknown_type_schema(obj)
           ^^^^^^^^^^^^^^^^^^^^^^^^^^^^^^
  File "/home/barberb/.local/lib/python3.12/site-packages/pydantic/_internal/_generate_schema.py", line 634, in _unknown_type_schema
    raise PydanticSchemaGenerationError(
pydantic.errors.PydanticSchemaGenerationError: Unable to generate pydantic-core schema for <built-in function any>. Set `arbitrary_types_allowed=True` in the model_config to ignore this error or implement `__get_pydantic_core_schema__` on your type to fully support it.

If you got this error by calling handler(<some type>) within `__get_pydantic_core_schema__` then you likely need to call `handler.generate_schema(<some type>)` since we do not call `__get_pydantic_core_schema__` on `<some type>` otherwise to avoid infinite recursion.

For further information visit https://errors.pydantic.dev/2.11/u/schema-for-unknown-type
INFO:     Stopping reloader process [705034]
